The system is: Linux - 3.10.0-693.33.1.el7.x86_64 - x86_64
Compiling the CXX compiler identification source file "CMakeCXXCompilerId.cpp" succeeded.
Compiler: /ssoft/spack/paien/v2/opt/spack/linux-rhel7-x86_E5v2_IntelIB/gcc-4.8.5/gcc-6.4.0-5lz2sine3ujgoc7aswaexuinafuepktx/bin/g++ 
Build flags: 
Id flags: 

The output was:
0


Compilation of the CXX compiler identification source "CMakeCXXCompilerId.cpp" produced "a.out"

The CXX compiler identification is GNU, found in "/work/lcvmm/crea/cgFrames_SC/armadillo-9.100.5/CMakeFiles/2.8.12.2/CompilerIdCXX/a.out"

Compiling the C compiler identification source file "CMakeCCompilerId.c" succeeded.
Compiler: /ssoft/spack/paien/v2/opt/spack/linux-rhel7-x86_E5v2_IntelIB/gcc-4.8.5/gcc-6.4.0-5lz2sine3ujgoc7aswaexuinafuepktx/bin/gcc 
Build flags: 
Id flags: 

The output was:
0


Compilation of the C compiler identification source "CMakeCCompilerId.c" produced "a.out"

The C compiler identification is GNU, found in "/work/lcvmm/crea/cgFrames_SC/armadillo-9.100.5/CMakeFiles/2.8.12.2/CompilerIdC/a.out"

Determining if the CXX compiler works passed with the following output:
Change Dir: /work/lcvmm/crea/cgFrames_SC/armadillo-9.100.5/CMakeFiles/CMakeTmp

Run Build Command:/usr/bin/gmake "cmTryCompileExec125999734/fast"
/usr/bin/gmake -f CMakeFiles/cmTryCompileExec125999734.dir/build.make CMakeFiles/cmTryCompileExec125999734.dir/build
gmake[1]: Entering directory `/work/lcvmm/crea/cgFrames_SC/armadillo-9.100.5/CMakeFiles/CMakeTmp'
/usr/bin/cmake -E cmake_progress_report /work/lcvmm/crea/cgFrames_SC/armadillo-9.100.5/CMakeFiles/CMakeTmp/CMakeFiles 1
Building CXX object CMakeFiles/cmTryCompileExec125999734.dir/testCXXCompiler.cxx.o
/ssoft/spack/paien/v2/opt/spack/linux-rhel7-x86_E5v2_IntelIB/gcc-4.8.5/gcc-6.4.0-5lz2sine3ujgoc7aswaexuinafuepktx/bin/g++     -o CMakeFiles/cmTryCompileExec125999734.dir/testCXXCompiler.cxx.o -c /work/lcvmm/crea/cgFrames_SC/armadillo-9.100.5/CMakeFiles/CMakeTmp/testCXXCompiler.cxx
Linking CXX executable cmTryCompileExec125999734
/usr/bin/cmake -E cmake_link_script CMakeFiles/cmTryCompileExec125999734.dir/link.txt --verbose=1
/ssoft/spack/paien/v2/opt/spack/linux-rhel7-x86_E5v2_IntelIB/gcc-4.8.5/gcc-6.4.0-5lz2sine3ujgoc7aswaexuinafuepktx/bin/g++        CMakeFiles/cmTryCompileExec125999734.dir/testCXXCompiler.cxx.o  -o cmTryCompileExec125999734 -rdynamic 
gmake[1]: Leaving directory `/work/lcvmm/crea/cgFrames_SC/armadillo-9.100.5/CMakeFiles/CMakeTmp'


Detecting CXX compiler ABI info compiled with the following output:
Change Dir: /work/lcvmm/crea/cgFrames_SC/armadillo-9.100.5/CMakeFiles/CMakeTmp

Run Build Command:/usr/bin/gmake "cmTryCompileExec2307376066/fast"
/usr/bin/gmake -f CMakeFiles/cmTryCompileExec2307376066.dir/build.make CMakeFiles/cmTryCompileExec2307376066.dir/build
gmake[1]: Entering directory `/work/lcvmm/crea/cgFrames_SC/armadillo-9.100.5/CMakeFiles/CMakeTmp'
/usr/bin/cmake -E cmake_progress_report /work/lcvmm/crea/cgFrames_SC/armadillo-9.100.5/CMakeFiles/CMakeTmp/CMakeFiles 1
Building CXX object CMakeFiles/cmTryCompileExec2307376066.dir/CMakeCXXCompilerABI.cpp.o
/ssoft/spack/paien/v2/opt/spack/linux-rhel7-x86_E5v2_IntelIB/gcc-4.8.5/gcc-6.4.0-5lz2sine3ujgoc7aswaexuinafuepktx/bin/g++     -o CMakeFiles/cmTryCompileExec2307376066.dir/CMakeCXXCompilerABI.cpp.o -c /usr/share/cmake/Modules/CMakeCXXCompilerABI.cpp
Linking CXX executable cmTryCompileExec2307376066
/usr/bin/cmake -E cmake_link_script CMakeFiles/cmTryCompileExec2307376066.dir/link.txt --verbose=1
/ssoft/spack/paien/v2/opt/spack/linux-rhel7-x86_E5v2_IntelIB/gcc-4.8.5/gcc-6.4.0-5lz2sine3ujgoc7aswaexuinafuepktx/bin/g++      -v CMakeFiles/cmTryCompileExec2307376066.dir/CMakeCXXCompilerABI.cpp.o  -o cmTryCompileExec2307376066 -rdynamic  
Reading specs from /ssoft/spack/paien/v2/opt/spack/linux-rhel7-x86_E5v2_IntelIB/gcc-4.8.5/gcc-6.4.0-5lz2sine3ujgoc7aswaexuinafuepktx/lib/gcc/x86_64-pc-linux-gnu/6.4.0/specs
COLLECT_GCC=/ssoft/spack/paien/v2/opt/spack/linux-rhel7-x86_E5v2_IntelIB/gcc-4.8.5/gcc-6.4.0-5lz2sine3ujgoc7aswaexuinafuepktx/bin/g++
COLLECT_LTO_WRAPPER=/ssoft/spack/paien/v2/opt/spack/linux-rhel7-x86_E5v2_IntelIB/gcc-4.8.5/gcc-6.4.0-5lz2sine3ujgoc7aswaexuinafuepktx/libexec/gcc/x86_64-pc-linux-gnu/6.4.0/lto-wrapper
Target: x86_64-pc-linux-gnu
Configured with: /ssoft/spack/paien/spack.v2/var/spack/stage/gcc-6.4.0-5lz2sine3ujgoc7aswaexuinafuepktx/gcc-6.4.0/configure --prefix=/ssoft/spack/paien/v2/opt/spack/linux-rhel7-x86_E5v2_IntelIB/gcc-4.8.5/gcc-6.4.0-5lz2sine3ujgoc7aswaexuinafuepktx --disable-multilib --enable-languages=c,c++,fortran --with-mpfr=/ssoft/spack/paien/v2/opt/spack/linux-rhel7-x86_E5v2_IntelIB/gcc-4.8.5/mpfr-4.0.1-h4g6wcylrpbsehf7sdmyzxrw4pvfwmbq --with-gmp=/ssoft/spack/paien/v2/opt/spack/linux-rhel7-x86_E5v2_IntelIB/gcc-4.8.5/gmp-6.1.2-dwyejzthrfdbsv4xkwd7zoaooc5733im --enable-lto --with-quad --with-system-zlib --with-mpc=/ssoft/spack/paien/v2/opt/spack/linux-rhel7-x86_E5v2_IntelIB/gcc-4.8.5/mpc-1.1.0-a2v6tnqiyj4263zhfwuvst3byom7kon6 --with-isl=/ssoft/spack/paien/v2/opt/spack/linux-rhel7-x86_E5v2_IntelIB/gcc-4.8.5/isl-0.19-t3ni5ou6ojzpln7r4r4tuqinhzbq5qdr
Thread model: posix
gcc version 6.4.0 (GCC) 
COMPILER_PATH=/ssoft/spack/paien/v2/opt/spack/linux-rhel7-x86_E5v2_IntelIB/gcc-4.8.5/gcc-6.4.0-5lz2sine3ujgoc7aswaexuinafuepktx/libexec/gcc/x86_64-pc-linux-gnu/6.4.0/:/ssoft/spack/paien/v2/opt/spack/linux-rhel7-x86_E5v2_IntelIB/gcc-4.8.5/gcc-6.4.0-5lz2sine3ujgoc7aswaexuinafuepktx/libexec/gcc/x86_64-pc-linux-gnu/6.4.0/:/ssoft/spack/paien/v2/opt/spack/linux-rhel7-x86_E5v2_IntelIB/gcc-4.8.5/gcc-6.4.0-5lz2sine3ujgoc7aswaexuinafuepktx/libexec/gcc/x86_64-pc-linux-gnu/:/ssoft/spack/paien/v2/opt/spack/linux-rhel7-x86_E5v2_IntelIB/gcc-4.8.5/gcc-6.4.0-5lz2sine3ujgoc7aswaexuinafuepktx/lib/gcc/x86_64-pc-linux-gnu/6.4.0/:/ssoft/spack/paien/v2/opt/spack/linux-rhel7-x86_E5v2_IntelIB/gcc-4.8.5/gcc-6.4.0-5lz2sine3ujgoc7aswaexuinafuepktx/lib/gcc/x86_64-pc-linux-gnu/
LIBRARY_PATH=/ssoft/spack/paien/v2/opt/spack/linux-rhel7-x86_E5v2_IntelIB/gcc-4.8.5/gcc-6.4.0-5lz2sine3ujgoc7aswaexuinafuepktx/lib/gcc/x86_64-pc-linux-gnu/6.4.0/:/ssoft/spack/paien/v2/opt/spack/linux-rhel7-x86_E5v2_IntelIB/gcc-4.8.5/gcc-6.4.0-5lz2sine3ujgoc7aswaexuinafuepktx/lib/gcc/x86_64-pc-linux-gnu/6.4.0/../../../../lib64/:/lib/../lib64/:/usr/lib/../lib64/:/ssoft/spack/paien/v2/opt/spack/linux-rhel7-x86_E5v2_IntelIB/gcc-4.8.5/gcc-6.4.0-5lz2sine3ujgoc7aswaexuinafuepktx/lib/gcc/x86_64-pc-linux-gnu/6.4.0/../../../:/lib/:/usr/lib/
COLLECT_GCC_OPTIONS='-v' '-o' 'cmTryCompileExec2307376066' '-rdynamic' '-shared-libgcc' '-mtune=generic' '-march=x86-64'
 /ssoft/spack/paien/v2/opt/spack/linux-rhel7-x86_E5v2_IntelIB/gcc-4.8.5/gcc-6.4.0-5lz2sine3ujgoc7aswaexuinafuepktx/libexec/gcc/x86_64-pc-linux-gnu/6.4.0/collect2 -plugin /ssoft/spack/paien/v2/opt/spack/linux-rhel7-x86_E5v2_IntelIB/gcc-4.8.5/gcc-6.4.0-5lz2sine3ujgoc7aswaexuinafuepktx/libexec/gcc/x86_64-pc-linux-gnu/6.4.0/liblto_plugin.so -plugin-opt=/ssoft/spack/paien/v2/opt/spack/linux-rhel7-x86_E5v2_IntelIB/gcc-4.8.5/gcc-6.4.0-5lz2sine3ujgoc7aswaexuinafuepktx/libexec/gcc/x86_64-pc-linux-gnu/6.4.0/lto-wrapper -plugin-opt=-fresolution=/tmp/ccDqfE9N.res -plugin-opt=-pass-through=-lgcc_s -plugin-opt=-pass-through=-lgcc -plugin-opt=-pass-through=-lc -plugin-opt=-pass-through=-lgcc_s -plugin-opt=-pass-through=-lgcc -rpath /ssoft/spack/paien/v2/opt/spack/linux-rhel7-x86_E5v2_IntelIB/gcc-4.8.5/gcc-6.4.0-5lz2sine3ujgoc7aswaexuinafuepktx/lib:/ssoft/spack/paien/v2/opt/spack/linux-rhel7-x86_E5v2_IntelIB/gcc-4.8.5/gcc-6.4.0-5lz2sine3ujgoc7aswaexuinafuepktx/lib64 --eh-frame-hdr -m elf_x86_64 -export-dynamic -dynamic-linker /lib64/ld-linux-x86-64.so.2 -o cmTryCompileExec2307376066 /lib/../lib64/crt1.o /lib/../lib64/crti.o /ssoft/spack/paien/v2/opt/spack/linux-rhel7-x86_E5v2_IntelIB/gcc-4.8.5/gcc-6.4.0-5lz2sine3ujgoc7aswaexuinafuepktx/lib/gcc/x86_64-pc-linux-gnu/6.4.0/crtbegin.o -L/ssoft/spack/paien/v2/opt/spack/linux-rhel7-x86_E5v2_IntelIB/gcc-4.8.5/gcc-6.4.0-5lz2sine3ujgoc7aswaexuinafuepktx/lib/gcc/x86_64-pc-linux-gnu/6.4.0 -L/ssoft/spack/paien/v2/opt/spack/linux-rhel7-x86_E5v2_IntelIB/gcc-4.8.5/gcc-6.4.0-5lz2sine3ujgoc7aswaexuinafuepktx/lib/gcc/x86_64-pc-linux-gnu/6.4.0/../../../../lib64 -L/lib/../lib64 -L/usr/lib/../lib64 -L/ssoft/spack/paien/v2/opt/spack/linux-rhel7-x86_E5v2_IntelIB/gcc-4.8.5/gcc-6.4.0-5lz2sine3ujgoc7aswaexuinafuepktx/lib/gcc/x86_64-pc-linux-gnu/6.4.0/../../.. CMakeFiles/cmTryCompileExec2307376066.dir/CMakeCXXCompilerABI.cpp.o -lstdc++ -lm -lgcc_s -lgcc -lc -lgcc_s -lgcc /ssoft/spack/paien/v2/opt/spack/linux-rhel7-x86_E5v2_IntelIB/gcc-4.8.5/gcc-6.4.0-5lz2sine3ujgoc7aswaexuinafuepktx/lib/gcc/x86_64-pc-linux-gnu/6.4.0/crtend.o /lib/../lib64/crtn.o
COLLECT_GCC_OPTIONS='-v' '-o' 'cmTryCompileExec2307376066' '-rdynamic' '-shared-libgcc' '-mtune=generic' '-march=x86-64'
gmake[1]: Leaving directory `/work/lcvmm/crea/cgFrames_SC/armadillo-9.100.5/CMakeFiles/CMakeTmp'


Parsed CXX implicit link information from above output:
  link line regex: [^( *|.*[/\])(ld|([^/\]+-)?ld|collect2)[^/\]*( |$)]
  ignore line: [Change Dir: /work/lcvmm/crea/cgFrames_SC/armadillo-9.100.5/CMakeFiles/CMakeTmp]
  ignore line: []
  ignore line: [Run Build Command:/usr/bin/gmake "cmTryCompileExec2307376066/fast"]
  ignore line: [/usr/bin/gmake -f CMakeFiles/cmTryCompileExec2307376066.dir/build.make CMakeFiles/cmTryCompileExec2307376066.dir/build]
  ignore line: [gmake[1]: Entering directory `/work/lcvmm/crea/cgFrames_SC/armadillo-9.100.5/CMakeFiles/CMakeTmp']
  ignore line: [/usr/bin/cmake -E cmake_progress_report /work/lcvmm/crea/cgFrames_SC/armadillo-9.100.5/CMakeFiles/CMakeTmp/CMakeFiles 1]
  ignore line: [Building CXX object CMakeFiles/cmTryCompileExec2307376066.dir/CMakeCXXCompilerABI.cpp.o]
  ignore line: [/ssoft/spack/paien/v2/opt/spack/linux-rhel7-x86_E5v2_IntelIB/gcc-4.8.5/gcc-6.4.0-5lz2sine3ujgoc7aswaexuinafuepktx/bin/g++     -o CMakeFiles/cmTryCompileExec2307376066.dir/CMakeCXXCompilerABI.cpp.o -c /usr/share/cmake/Modules/CMakeCXXCompilerABI.cpp]
  ignore line: [Linking CXX executable cmTryCompileExec2307376066]
  ignore line: [/usr/bin/cmake -E cmake_link_script CMakeFiles/cmTryCompileExec2307376066.dir/link.txt --verbose=1]
  ignore line: [/ssoft/spack/paien/v2/opt/spack/linux-rhel7-x86_E5v2_IntelIB/gcc-4.8.5/gcc-6.4.0-5lz2sine3ujgoc7aswaexuinafuepktx/bin/g++      -v CMakeFiles/cmTryCompileExec2307376066.dir/CMakeCXXCompilerABI.cpp.o  -o cmTryCompileExec2307376066 -rdynamic  ]
  ignore line: [Reading specs from /ssoft/spack/paien/v2/opt/spack/linux-rhel7-x86_E5v2_IntelIB/gcc-4.8.5/gcc-6.4.0-5lz2sine3ujgoc7aswaexuinafuepktx/lib/gcc/x86_64-pc-linux-gnu/6.4.0/specs]
  ignore line: [COLLECT_GCC=/ssoft/spack/paien/v2/opt/spack/linux-rhel7-x86_E5v2_IntelIB/gcc-4.8.5/gcc-6.4.0-5lz2sine3ujgoc7aswaexuinafuepktx/bin/g++]
  ignore line: [COLLECT_LTO_WRAPPER=/ssoft/spack/paien/v2/opt/spack/linux-rhel7-x86_E5v2_IntelIB/gcc-4.8.5/gcc-6.4.0-5lz2sine3ujgoc7aswaexuinafuepktx/libexec/gcc/x86_64-pc-linux-gnu/6.4.0/lto-wrapper]
  ignore line: [Target: x86_64-pc-linux-gnu]
  ignore line: [Configured with: /ssoft/spack/paien/spack.v2/var/spack/stage/gcc-6.4.0-5lz2sine3ujgoc7aswaexuinafuepktx/gcc-6.4.0/configure --prefix=/ssoft/spack/paien/v2/opt/spack/linux-rhel7-x86_E5v2_IntelIB/gcc-4.8.5/gcc-6.4.0-5lz2sine3ujgoc7aswaexuinafuepktx --disable-multilib --enable-languages=c,c++,fortran --with-mpfr=/ssoft/spack/paien/v2/opt/spack/linux-rhel7-x86_E5v2_IntelIB/gcc-4.8.5/mpfr-4.0.1-h4g6wcylrpbsehf7sdmyzxrw4pvfwmbq --with-gmp=/ssoft/spack/paien/v2/opt/spack/linux-rhel7-x86_E5v2_IntelIB/gcc-4.8.5/gmp-6.1.2-dwyejzthrfdbsv4xkwd7zoaooc5733im --enable-lto --with-quad --with-system-zlib --with-mpc=/ssoft/spack/paien/v2/opt/spack/linux-rhel7-x86_E5v2_IntelIB/gcc-4.8.5/mpc-1.1.0-a2v6tnqiyj4263zhfwuvst3byom7kon6 --with-isl=/ssoft/spack/paien/v2/opt/spack/linux-rhel7-x86_E5v2_IntelIB/gcc-4.8.5/isl-0.19-t3ni5ou6ojzpln7r4r4tuqinhzbq5qdr]
  ignore line: [Thread model: posix]
  ignore line: [gcc version 6.4.0 (GCC) ]
  ignore line: [COMPILER_PATH=/ssoft/spack/paien/v2/opt/spack/linux-rhel7-x86_E5v2_IntelIB/gcc-4.8.5/gcc-6.4.0-5lz2sine3ujgoc7aswaexuinafuepktx/libexec/gcc/x86_64-pc-linux-gnu/6.4.0/:/ssoft/spack/paien/v2/opt/spack/linux-rhel7-x86_E5v2_IntelIB/gcc-4.8.5/gcc-6.4.0-5lz2sine3ujgoc7aswaexuinafuepktx/libexec/gcc/x86_64-pc-linux-gnu/6.4.0/:/ssoft/spack/paien/v2/opt/spack/linux-rhel7-x86_E5v2_IntelIB/gcc-4.8.5/gcc-6.4.0-5lz2sine3ujgoc7aswaexuinafuepktx/libexec/gcc/x86_64-pc-linux-gnu/:/ssoft/spack/paien/v2/opt/spack/linux-rhel7-x86_E5v2_IntelIB/gcc-4.8.5/gcc-6.4.0-5lz2sine3ujgoc7aswaexuinafuepktx/lib/gcc/x86_64-pc-linux-gnu/6.4.0/:/ssoft/spack/paien/v2/opt/spack/linux-rhel7-x86_E5v2_IntelIB/gcc-4.8.5/gcc-6.4.0-5lz2sine3ujgoc7aswaexuinafuepktx/lib/gcc/x86_64-pc-linux-gnu/]
  ignore line: [LIBRARY_PATH=/ssoft/spack/paien/v2/opt/spack/linux-rhel7-x86_E5v2_IntelIB/gcc-4.8.5/gcc-6.4.0-5lz2sine3ujgoc7aswaexuinafuepktx/lib/gcc/x86_64-pc-linux-gnu/6.4.0/:/ssoft/spack/paien/v2/opt/spack/linux-rhel7-x86_E5v2_IntelIB/gcc-4.8.5/gcc-6.4.0-5lz2sine3ujgoc7aswaexuinafuepktx/lib/gcc/x86_64-pc-linux-gnu/6.4.0/../../../../lib64/:/lib/../lib64/:/usr/lib/../lib64/:/ssoft/spack/paien/v2/opt/spack/linux-rhel7-x86_E5v2_IntelIB/gcc-4.8.5/gcc-6.4.0-5lz2sine3ujgoc7aswaexuinafuepktx/lib/gcc/x86_64-pc-linux-gnu/6.4.0/../../../:/lib/:/usr/lib/]
  ignore line: [COLLECT_GCC_OPTIONS='-v' '-o' 'cmTryCompileExec2307376066' '-rdynamic' '-shared-libgcc' '-mtune=generic' '-march=x86-64']
  link line: [ /ssoft/spack/paien/v2/opt/spack/linux-rhel7-x86_E5v2_IntelIB/gcc-4.8.5/gcc-6.4.0-5lz2sine3ujgoc7aswaexuinafuepktx/libexec/gcc/x86_64-pc-linux-gnu/6.4.0/collect2 -plugin /ssoft/spack/paien/v2/opt/spack/linux-rhel7-x86_E5v2_IntelIB/gcc-4.8.5/gcc-6.4.0-5lz2sine3ujgoc7aswaexuinafuepktx/libexec/gcc/x86_64-pc-linux-gnu/6.4.0/liblto_plugin.so -plugin-opt=/ssoft/spack/paien/v2/opt/spack/linux-rhel7-x86_E5v2_IntelIB/gcc-4.8.5/gcc-6.4.0-5lz2sine3ujgoc7aswaexuinafuepktx/libexec/gcc/x86_64-pc-linux-gnu/6.4.0/lto-wrapper -plugin-opt=-fresolution=/tmp/ccDqfE9N.res -plugin-opt=-pass-through=-lgcc_s -plugin-opt=-pass-through=-lgcc -plugin-opt=-pass-through=-lc -plugin-opt=-pass-through=-lgcc_s -plugin-opt=-pass-through=-lgcc -rpath /ssoft/spack/paien/v2/opt/spack/linux-rhel7-x86_E5v2_IntelIB/gcc-4.8.5/gcc-6.4.0-5lz2sine3ujgoc7aswaexuinafuepktx/lib:/ssoft/spack/paien/v2/opt/spack/linux-rhel7-x86_E5v2_IntelIB/gcc-4.8.5/gcc-6.4.0-5lz2sine3ujgoc7aswaexuinafuepktx/lib64 --eh-frame-hdr -m elf_x86_64 -export-dynamic -dynamic-linker /lib64/ld-linux-x86-64.so.2 -o cmTryCompileExec2307376066 /lib/../lib64/crt1.o /lib/../lib64/crti.o /ssoft/spack/paien/v2/opt/spack/linux-rhel7-x86_E5v2_IntelIB/gcc-4.8.5/gcc-6.4.0-5lz2sine3ujgoc7aswaexuinafuepktx/lib/gcc/x86_64-pc-linux-gnu/6.4.0/crtbegin.o -L/ssoft/spack/paien/v2/opt/spack/linux-rhel7-x86_E5v2_IntelIB/gcc-4.8.5/gcc-6.4.0-5lz2sine3ujgoc7aswaexuinafuepktx/lib/gcc/x86_64-pc-linux-gnu/6.4.0 -L/ssoft/spack/paien/v2/opt/spack/linux-rhel7-x86_E5v2_IntelIB/gcc-4.8.5/gcc-6.4.0-5lz2sine3ujgoc7aswaexuinafuepktx/lib/gcc/x86_64-pc-linux-gnu/6.4.0/../../../../lib64 -L/lib/../lib64 -L/usr/lib/../lib64 -L/ssoft/spack/paien/v2/opt/spack/linux-rhel7-x86_E5v2_IntelIB/gcc-4.8.5/gcc-6.4.0-5lz2sine3ujgoc7aswaexuinafuepktx/lib/gcc/x86_64-pc-linux-gnu/6.4.0/../../.. CMakeFiles/cmTryCompileExec2307376066.dir/CMakeCXXCompilerABI.cpp.o -lstdc++ -lm -lgcc_s -lgcc -lc -lgcc_s -lgcc /ssoft/spack/paien/v2/opt/spack/linux-rhel7-x86_E5v2_IntelIB/gcc-4.8.5/gcc-6.4.0-5lz2sine3ujgoc7aswaexuinafuepktx/lib/gcc/x86_64-pc-linux-gnu/6.4.0/crtend.o /lib/../lib64/crtn.o]
    arg [/ssoft/spack/paien/v2/opt/spack/linux-rhel7-x86_E5v2_IntelIB/gcc-4.8.5/gcc-6.4.0-5lz2sine3ujgoc7aswaexuinafuepktx/libexec/gcc/x86_64-pc-linux-gnu/6.4.0/collect2] ==> ignore
    arg [-plugin] ==> ignore
    arg [/ssoft/spack/paien/v2/opt/spack/linux-rhel7-x86_E5v2_IntelIB/gcc-4.8.5/gcc-6.4.0-5lz2sine3ujgoc7aswaexuinafuepktx/libexec/gcc/x86_64-pc-linux-gnu/6.4.0/liblto_plugin.so] ==> ignore
    arg [-plugin-opt=/ssoft/spack/paien/v2/opt/spack/linux-rhel7-x86_E5v2_IntelIB/gcc-4.8.5/gcc-6.4.0-5lz2sine3ujgoc7aswaexuinafuepktx/libexec/gcc/x86_64-pc-linux-gnu/6.4.0/lto-wrapper] ==> ignore
    arg [-plugin-opt=-fresolution=/tmp/ccDqfE9N.res] ==> ignore
    arg [-plugin-opt=-pass-through=-lgcc_s] ==> ignore
    arg [-plugin-opt=-pass-through=-lgcc] ==> ignore
    arg [-plugin-opt=-pass-through=-lc] ==> ignore
    arg [-plugin-opt=-pass-through=-lgcc_s] ==> ignore
    arg [-plugin-opt=-pass-through=-lgcc] ==> ignore
    arg [-rpath] ==> ignore
    arg [/ssoft/spack/paien/v2/opt/spack/linux-rhel7-x86_E5v2_IntelIB/gcc-4.8.5/gcc-6.4.0-5lz2sine3ujgoc7aswaexuinafuepktx/lib:/ssoft/spack/paien/v2/opt/spack/linux-rhel7-x86_E5v2_IntelIB/gcc-4.8.5/gcc-6.4.0-5lz2sine3ujgoc7aswaexuinafuepktx/lib64] ==> ignore
    arg [--eh-frame-hdr] ==> ignore
    arg [-m] ==> ignore
    arg [elf_x86_64] ==> ignore
    arg [-export-dynamic] ==> ignore
    arg [-dynamic-linker] ==> ignore
    arg [/lib64/ld-linux-x86-64.so.2] ==> ignore
    arg [-o] ==> ignore
    arg [cmTryCompileExec2307376066] ==> ignore
    arg [/lib/../lib64/crt1.o] ==> ignore
    arg [/lib/../lib64/crti.o] ==> ignore
    arg [/ssoft/spack/paien/v2/opt/spack/linux-rhel7-x86_E5v2_IntelIB/gcc-4.8.5/gcc-6.4.0-5lz2sine3ujgoc7aswaexuinafuepktx/lib/gcc/x86_64-pc-linux-gnu/6.4.0/crtbegin.o] ==> ignore
    arg [-L/ssoft/spack/paien/v2/opt/spack/linux-rhel7-x86_E5v2_IntelIB/gcc-4.8.5/gcc-6.4.0-5lz2sine3ujgoc7aswaexuinafuepktx/lib/gcc/x86_64-pc-linux-gnu/6.4.0] ==> dir [/ssoft/spack/paien/v2/opt/spack/linux-rhel7-x86_E5v2_IntelIB/gcc-4.8.5/gcc-6.4.0-5lz2sine3ujgoc7aswaexuinafuepktx/lib/gcc/x86_64-pc-linux-gnu/6.4.0]
    arg [-L/ssoft/spack/paien/v2/opt/spack/linux-rhel7-x86_E5v2_IntelIB/gcc-4.8.5/gcc-6.4.0-5lz2sine3ujgoc7aswaexuinafuepktx/lib/gcc/x86_64-pc-linux-gnu/6.4.0/../../../../lib64] ==> dir [/ssoft/spack/paien/v2/opt/spack/linux-rhel7-x86_E5v2_IntelIB/gcc-4.8.5/gcc-6.4.0-5lz2sine3ujgoc7aswaexuinafuepktx/lib/gcc/x86_64-pc-linux-gnu/6.4.0/../../../../lib64]
    arg [-L/lib/../lib64] ==> dir [/lib/../lib64]
    arg [-L/usr/lib/../lib64] ==> dir [/usr/lib/../lib64]
    arg [-L/ssoft/spack/paien/v2/opt/spack/linux-rhel7-x86_E5v2_IntelIB/gcc-4.8.5/gcc-6.4.0-5lz2sine3ujgoc7aswaexuinafuepktx/lib/gcc/x86_64-pc-linux-gnu/6.4.0/../../..] ==> dir [/ssoft/spack/paien/v2/opt/spack/linux-rhel7-x86_E5v2_IntelIB/gcc-4.8.5/gcc-6.4.0-5lz2sine3ujgoc7aswaexuinafuepktx/lib/gcc/x86_64-pc-linux-gnu/6.4.0/../../..]
    arg [CMakeFiles/cmTryCompileExec2307376066.dir/CMakeCXXCompilerABI.cpp.o] ==> ignore
    arg [-lstdc++] ==> lib [stdc++]
    arg [-lm] ==> lib [m]
    arg [-lgcc_s] ==> lib [gcc_s]
    arg [-lgcc] ==> lib [gcc]
    arg [-lc] ==> lib [c]
    arg [-lgcc_s] ==> lib [gcc_s]
    arg [-lgcc] ==> lib [gcc]
    arg [/ssoft/spack/paien/v2/opt/spack/linux-rhel7-x86_E5v2_IntelIB/gcc-4.8.5/gcc-6.4.0-5lz2sine3ujgoc7aswaexuinafuepktx/lib/gcc/x86_64-pc-linux-gnu/6.4.0/crtend.o] ==> ignore
    arg [/lib/../lib64/crtn.o] ==> ignore
  remove lib [gcc_s]
  remove lib [gcc]
  remove lib [gcc_s]
  remove lib [gcc]
  collapse library dir [/ssoft/spack/paien/v2/opt/spack/linux-rhel7-x86_E5v2_IntelIB/gcc-4.8.5/gcc-6.4.0-5lz2sine3ujgoc7aswaexuinafuepktx/lib/gcc/x86_64-pc-linux-gnu/6.4.0] ==> [/ssoft/spack/paien/v2/opt/spack/linux-rhel7-x86_E5v2_IntelIB/gcc-4.8.5/gcc-6.4.0-5lz2sine3ujgoc7aswaexuinafuepktx/lib/gcc/x86_64-pc-linux-gnu/6.4.0]
  collapse library dir [/ssoft/spack/paien/v2/opt/spack/linux-rhel7-x86_E5v2_IntelIB/gcc-4.8.5/gcc-6.4.0-5lz2sine3ujgoc7aswaexuinafuepktx/lib/gcc/x86_64-pc-linux-gnu/6.4.0/../../../../lib64] ==> [/ssoft/spack/paien/v2/opt/spack/linux-rhel7-x86_E5v2_IntelIB/gcc-4.8.5/gcc-6.4.0-5lz2sine3ujgoc7aswaexuinafuepktx/lib64]
  collapse library dir [/lib/../lib64] ==> [/lib64]
  collapse library dir [/usr/lib/../lib64] ==> [/usr/lib64]
  collapse library dir [/ssoft/spack/paien/v2/opt/spack/linux-rhel7-x86_E5v2_IntelIB/gcc-4.8.5/gcc-6.4.0-5lz2sine3ujgoc7aswaexuinafuepktx/lib/gcc/x86_64-pc-linux-gnu/6.4.0/../../..] ==> [/ssoft/spack/paien/v2/opt/spack/linux-rhel7-x86_E5v2_IntelIB/gcc-4.8.5/gcc-6.4.0-5lz2sine3ujgoc7aswaexuinafuepktx/lib]
  implicit libs: [stdc++;m;c]
  implicit dirs: [/ssoft/spack/paien/v2/opt/spack/linux-rhel7-x86_E5v2_IntelIB/gcc-4.8.5/gcc-6.4.0-5lz2sine3ujgoc7aswaexuinafuepktx/lib/gcc/x86_64-pc-linux-gnu/6.4.0;/ssoft/spack/paien/v2/opt/spack/linux-rhel7-x86_E5v2_IntelIB/gcc-4.8.5/gcc-6.4.0-5lz2sine3ujgoc7aswaexuinafuepktx/lib64;/lib64;/usr/lib64;/ssoft/spack/paien/v2/opt/spack/linux-rhel7-x86_E5v2_IntelIB/gcc-4.8.5/gcc-6.4.0-5lz2sine3ujgoc7aswaexuinafuepktx/lib]
  implicit fwks: []


Determining if the C compiler works passed with the following output:
Change Dir: /work/lcvmm/crea/cgFrames_SC/armadillo-9.100.5/CMakeFiles/CMakeTmp

Run Build Command:/usr/bin/gmake "cmTryCompileExec1778430828/fast"
/usr/bin/gmake -f CMakeFiles/cmTryCompileExec1778430828.dir/build.make CMakeFiles/cmTryCompileExec1778430828.dir/build
gmake[1]: Entering directory `/work/lcvmm/crea/cgFrames_SC/armadillo-9.100.5/CMakeFiles/CMakeTmp'
/usr/bin/cmake -E cmake_progress_report /work/lcvmm/crea/cgFrames_SC/armadillo-9.100.5/CMakeFiles/CMakeTmp/CMakeFiles 1
Building C object CMakeFiles/cmTryCompileExec1778430828.dir/testCCompiler.c.o
/ssoft/spack/paien/v2/opt/spack/linux-rhel7-x86_E5v2_IntelIB/gcc-4.8.5/gcc-6.4.0-5lz2sine3ujgoc7aswaexuinafuepktx/bin/gcc    -o CMakeFiles/cmTryCompileExec1778430828.dir/testCCompiler.c.o   -c /work/lcvmm/crea/cgFrames_SC/armadillo-9.100.5/CMakeFiles/CMakeTmp/testCCompiler.c
Linking C executable cmTryCompileExec1778430828
/usr/bin/cmake -E cmake_link_script CMakeFiles/cmTryCompileExec1778430828.dir/link.txt --verbose=1
/ssoft/spack/paien/v2/opt/spack/linux-rhel7-x86_E5v2_IntelIB/gcc-4.8.5/gcc-6.4.0-5lz2sine3ujgoc7aswaexuinafuepktx/bin/gcc       CMakeFiles/cmTryCompileExec1778430828.dir/testCCompiler.c.o  -o cmTryCompileExec1778430828 -rdynamic 
gmake[1]: Leaving directory `/work/lcvmm/crea/cgFrames_SC/armadillo-9.100.5/CMakeFiles/CMakeTmp'


Detecting C compiler ABI info compiled with the following output:
Change Dir: /work/lcvmm/crea/cgFrames_SC/armadillo-9.100.5/CMakeFiles/CMakeTmp

Run Build Command:/usr/bin/gmake "cmTryCompileExec2229390895/fast"
/usr/bin/gmake -f CMakeFiles/cmTryCompileExec2229390895.dir/build.make CMakeFiles/cmTryCompileExec2229390895.dir/build
gmake[1]: Entering directory `/work/lcvmm/crea/cgFrames_SC/armadillo-9.100.5/CMakeFiles/CMakeTmp'
/usr/bin/cmake -E cmake_progress_report /work/lcvmm/crea/cgFrames_SC/armadillo-9.100.5/CMakeFiles/CMakeTmp/CMakeFiles 1
Building C object CMakeFiles/cmTryCompileExec2229390895.dir/CMakeCCompilerABI.c.o
/ssoft/spack/paien/v2/opt/spack/linux-rhel7-x86_E5v2_IntelIB/gcc-4.8.5/gcc-6.4.0-5lz2sine3ujgoc7aswaexuinafuepktx/bin/gcc    -o CMakeFiles/cmTryCompileExec2229390895.dir/CMakeCCompilerABI.c.o   -c /usr/share/cmake/Modules/CMakeCCompilerABI.c
Linking C executable cmTryCompileExec2229390895
/usr/bin/cmake -E cmake_link_script CMakeFiles/cmTryCompileExec2229390895.dir/link.txt --verbose=1
/ssoft/spack/paien/v2/opt/spack/linux-rhel7-x86_E5v2_IntelIB/gcc-4.8.5/gcc-6.4.0-5lz2sine3ujgoc7aswaexuinafuepktx/bin/gcc     -v CMakeFiles/cmTryCompileExec2229390895.dir/CMakeCCompilerABI.c.o  -o cmTryCompileExec2229390895 -rdynamic  
Reading specs from /ssoft/spack/paien/v2/opt/spack/linux-rhel7-x86_E5v2_IntelIB/gcc-4.8.5/gcc-6.4.0-5lz2sine3ujgoc7aswaexuinafuepktx/lib/gcc/x86_64-pc-linux-gnu/6.4.0/specs
COLLECT_GCC=/ssoft/spack/paien/v2/opt/spack/linux-rhel7-x86_E5v2_IntelIB/gcc-4.8.5/gcc-6.4.0-5lz2sine3ujgoc7aswaexuinafuepktx/bin/gcc
COLLECT_LTO_WRAPPER=/ssoft/spack/paien/v2/opt/spack/linux-rhel7-x86_E5v2_IntelIB/gcc-4.8.5/gcc-6.4.0-5lz2sine3ujgoc7aswaexuinafuepktx/libexec/gcc/x86_64-pc-linux-gnu/6.4.0/lto-wrapper
Target: x86_64-pc-linux-gnu
Configured with: /ssoft/spack/paien/spack.v2/var/spack/stage/gcc-6.4.0-5lz2sine3ujgoc7aswaexuinafuepktx/gcc-6.4.0/configure --prefix=/ssoft/spack/paien/v2/opt/spack/linux-rhel7-x86_E5v2_IntelIB/gcc-4.8.5/gcc-6.4.0-5lz2sine3ujgoc7aswaexuinafuepktx --disable-multilib --enable-languages=c,c++,fortran --with-mpfr=/ssoft/spack/paien/v2/opt/spack/linux-rhel7-x86_E5v2_IntelIB/gcc-4.8.5/mpfr-4.0.1-h4g6wcylrpbsehf7sdmyzxrw4pvfwmbq --with-gmp=/ssoft/spack/paien/v2/opt/spack/linux-rhel7-x86_E5v2_IntelIB/gcc-4.8.5/gmp-6.1.2-dwyejzthrfdbsv4xkwd7zoaooc5733im --enable-lto --with-quad --with-system-zlib --with-mpc=/ssoft/spack/paien/v2/opt/spack/linux-rhel7-x86_E5v2_IntelIB/gcc-4.8.5/mpc-1.1.0-a2v6tnqiyj4263zhfwuvst3byom7kon6 --with-isl=/ssoft/spack/paien/v2/opt/spack/linux-rhel7-x86_E5v2_IntelIB/gcc-4.8.5/isl-0.19-t3ni5ou6ojzpln7r4r4tuqinhzbq5qdr
Thread model: posix
gcc version 6.4.0 (GCC) 
COMPILER_PATH=/ssoft/spack/paien/v2/opt/spack/linux-rhel7-x86_E5v2_IntelIB/gcc-4.8.5/gcc-6.4.0-5lz2sine3ujgoc7aswaexuinafuepktx/libexec/gcc/x86_64-pc-linux-gnu/6.4.0/:/ssoft/spack/paien/v2/opt/spack/linux-rhel7-x86_E5v2_IntelIB/gcc-4.8.5/gcc-6.4.0-5lz2sine3ujgoc7aswaexuinafuepktx/libexec/gcc/x86_64-pc-linux-gnu/6.4.0/:/ssoft/spack/paien/v2/opt/spack/linux-rhel7-x86_E5v2_IntelIB/gcc-4.8.5/gcc-6.4.0-5lz2sine3ujgoc7aswaexuinafuepktx/libexec/gcc/x86_64-pc-linux-gnu/:/ssoft/spack/paien/v2/opt/spack/linux-rhel7-x86_E5v2_IntelIB/gcc-4.8.5/gcc-6.4.0-5lz2sine3ujgoc7aswaexuinafuepktx/lib/gcc/x86_64-pc-linux-gnu/6.4.0/:/ssoft/spack/paien/v2/opt/spack/linux-rhel7-x86_E5v2_IntelIB/gcc-4.8.5/gcc-6.4.0-5lz2sine3ujgoc7aswaexuinafuepktx/lib/gcc/x86_64-pc-linux-gnu/
LIBRARY_PATH=/ssoft/spack/paien/v2/opt/spack/linux-rhel7-x86_E5v2_IntelIB/gcc-4.8.5/gcc-6.4.0-5lz2sine3ujgoc7aswaexuinafuepktx/lib/gcc/x86_64-pc-linux-gnu/6.4.0/:/ssoft/spack/paien/v2/opt/spack/linux-rhel7-x86_E5v2_IntelIB/gcc-4.8.5/gcc-6.4.0-5lz2sine3ujgoc7aswaexuinafuepktx/lib/gcc/x86_64-pc-linux-gnu/6.4.0/../../../../lib64/:/lib/../lib64/:/usr/lib/../lib64/:/ssoft/spack/paien/v2/opt/spack/linux-rhel7-x86_E5v2_IntelIB/gcc-4.8.5/gcc-6.4.0-5lz2sine3ujgoc7aswaexuinafuepktx/lib/gcc/x86_64-pc-linux-gnu/6.4.0/../../../:/lib/:/usr/lib/
COLLECT_GCC_OPTIONS='-v' '-o' 'cmTryCompileExec2229390895' '-rdynamic' '-mtune=generic' '-march=x86-64'
 /ssoft/spack/paien/v2/opt/spack/linux-rhel7-x86_E5v2_IntelIB/gcc-4.8.5/gcc-6.4.0-5lz2sine3ujgoc7aswaexuinafuepktx/libexec/gcc/x86_64-pc-linux-gnu/6.4.0/collect2 -plugin /ssoft/spack/paien/v2/opt/spack/linux-rhel7-x86_E5v2_IntelIB/gcc-4.8.5/gcc-6.4.0-5lz2sine3ujgoc7aswaexuinafuepktx/libexec/gcc/x86_64-pc-linux-gnu/6.4.0/liblto_plugin.so -plugin-opt=/ssoft/spack/paien/v2/opt/spack/linux-rhel7-x86_E5v2_IntelIB/gcc-4.8.5/gcc-6.4.0-5lz2sine3ujgoc7aswaexuinafuepktx/libexec/gcc/x86_64-pc-linux-gnu/6.4.0/lto-wrapper -plugin-opt=-fresolution=/tmp/ccJWxpy8.res -plugin-opt=-pass-through=-lgcc -plugin-opt=-pass-through=-lgcc_s -plugin-opt=-pass-through=-lc -plugin-opt=-pass-through=-lgcc -plugin-opt=-pass-through=-lgcc_s -rpath /ssoft/spack/paien/v2/opt/spack/linux-rhel7-x86_E5v2_IntelIB/gcc-4.8.5/gcc-6.4.0-5lz2sine3ujgoc7aswaexuinafuepktx/lib:/ssoft/spack/paien/v2/opt/spack/linux-rhel7-x86_E5v2_IntelIB/gcc-4.8.5/gcc-6.4.0-5lz2sine3ujgoc7aswaexuinafuepktx/lib64 --eh-frame-hdr -m elf_x86_64 -export-dynamic -dynamic-linker /lib64/ld-linux-x86-64.so.2 -o cmTryCompileExec2229390895 /lib/../lib64/crt1.o /lib/../lib64/crti.o /ssoft/spack/paien/v2/opt/spack/linux-rhel7-x86_E5v2_IntelIB/gcc-4.8.5/gcc-6.4.0-5lz2sine3ujgoc7aswaexuinafuepktx/lib/gcc/x86_64-pc-linux-gnu/6.4.0/crtbegin.o -L/ssoft/spack/paien/v2/opt/spack/linux-rhel7-x86_E5v2_IntelIB/gcc-4.8.5/gcc-6.4.0-5lz2sine3ujgoc7aswaexuinafuepktx/lib/gcc/x86_64-pc-linux-gnu/6.4.0 -L/ssoft/spack/paien/v2/opt/spack/linux-rhel7-x86_E5v2_IntelIB/gcc-4.8.5/gcc-6.4.0-5lz2sine3ujgoc7aswaexuinafuepktx/lib/gcc/x86_64-pc-linux-gnu/6.4.0/../../../../lib64 -L/lib/../lib64 -L/usr/lib/../lib64 -L/ssoft/spack/paien/v2/opt/spack/linux-rhel7-x86_E5v2_IntelIB/gcc-4.8.5/gcc-6.4.0-5lz2sine3ujgoc7aswaexuinafuepktx/lib/gcc/x86_64-pc-linux-gnu/6.4.0/../../.. CMakeFiles/cmTryCompileExec2229390895.dir/CMakeCCompilerABI.c.o -lgcc --as-needed -lgcc_s --no-as-needed -lc -lgcc --as-needed -lgcc_s --no-as-needed /ssoft/spack/paien/v2/opt/spack/linux-rhel7-x86_E5v2_IntelIB/gcc-4.8.5/gcc-6.4.0-5lz2sine3ujgoc7aswaexuinafuepktx/lib/gcc/x86_64-pc-linux-gnu/6.4.0/crtend.o /lib/../lib64/crtn.o
COLLECT_GCC_OPTIONS='-v' '-o' 'cmTryCompileExec2229390895' '-rdynamic' '-mtune=generic' '-march=x86-64'
gmake[1]: Leaving directory `/work/lcvmm/crea/cgFrames_SC/armadillo-9.100.5/CMakeFiles/CMakeTmp'


Parsed C implicit link information from above output:
  link line regex: [^( *|.*[/\])(ld|([^/\]+-)?ld|collect2)[^/\]*( |$)]
  ignore line: [Change Dir: /work/lcvmm/crea/cgFrames_SC/armadillo-9.100.5/CMakeFiles/CMakeTmp]
  ignore line: []
  ignore line: [Run Build Command:/usr/bin/gmake "cmTryCompileExec2229390895/fast"]
  ignore line: [/usr/bin/gmake -f CMakeFiles/cmTryCompileExec2229390895.dir/build.make CMakeFiles/cmTryCompileExec2229390895.dir/build]
  ignore line: [gmake[1]: Entering directory `/work/lcvmm/crea/cgFrames_SC/armadillo-9.100.5/CMakeFiles/CMakeTmp']
  ignore line: [/usr/bin/cmake -E cmake_progress_report /work/lcvmm/crea/cgFrames_SC/armadillo-9.100.5/CMakeFiles/CMakeTmp/CMakeFiles 1]
  ignore line: [Building C object CMakeFiles/cmTryCompileExec2229390895.dir/CMakeCCompilerABI.c.o]
  ignore line: [/ssoft/spack/paien/v2/opt/spack/linux-rhel7-x86_E5v2_IntelIB/gcc-4.8.5/gcc-6.4.0-5lz2sine3ujgoc7aswaexuinafuepktx/bin/gcc    -o CMakeFiles/cmTryCompileExec2229390895.dir/CMakeCCompilerABI.c.o   -c /usr/share/cmake/Modules/CMakeCCompilerABI.c]
  ignore line: [Linking C executable cmTryCompileExec2229390895]
  ignore line: [/usr/bin/cmake -E cmake_link_script CMakeFiles/cmTryCompileExec2229390895.dir/link.txt --verbose=1]
  ignore line: [/ssoft/spack/paien/v2/opt/spack/linux-rhel7-x86_E5v2_IntelIB/gcc-4.8.5/gcc-6.4.0-5lz2sine3ujgoc7aswaexuinafuepktx/bin/gcc     -v CMakeFiles/cmTryCompileExec2229390895.dir/CMakeCCompilerABI.c.o  -o cmTryCompileExec2229390895 -rdynamic  ]
  ignore line: [Reading specs from /ssoft/spack/paien/v2/opt/spack/linux-rhel7-x86_E5v2_IntelIB/gcc-4.8.5/gcc-6.4.0-5lz2sine3ujgoc7aswaexuinafuepktx/lib/gcc/x86_64-pc-linux-gnu/6.4.0/specs]
  ignore line: [COLLECT_GCC=/ssoft/spack/paien/v2/opt/spack/linux-rhel7-x86_E5v2_IntelIB/gcc-4.8.5/gcc-6.4.0-5lz2sine3ujgoc7aswaexuinafuepktx/bin/gcc]
  ignore line: [COLLECT_LTO_WRAPPER=/ssoft/spack/paien/v2/opt/spack/linux-rhel7-x86_E5v2_IntelIB/gcc-4.8.5/gcc-6.4.0-5lz2sine3ujgoc7aswaexuinafuepktx/libexec/gcc/x86_64-pc-linux-gnu/6.4.0/lto-wrapper]
  ignore line: [Target: x86_64-pc-linux-gnu]
  ignore line: [Configured with: /ssoft/spack/paien/spack.v2/var/spack/stage/gcc-6.4.0-5lz2sine3ujgoc7aswaexuinafuepktx/gcc-6.4.0/configure --prefix=/ssoft/spack/paien/v2/opt/spack/linux-rhel7-x86_E5v2_IntelIB/gcc-4.8.5/gcc-6.4.0-5lz2sine3ujgoc7aswaexuinafuepktx --disable-multilib --enable-languages=c,c++,fortran --with-mpfr=/ssoft/spack/paien/v2/opt/spack/linux-rhel7-x86_E5v2_IntelIB/gcc-4.8.5/mpfr-4.0.1-h4g6wcylrpbsehf7sdmyzxrw4pvfwmbq --with-gmp=/ssoft/spack/paien/v2/opt/spack/linux-rhel7-x86_E5v2_IntelIB/gcc-4.8.5/gmp-6.1.2-dwyejzthrfdbsv4xkwd7zoaooc5733im --enable-lto --with-quad --with-system-zlib --with-mpc=/ssoft/spack/paien/v2/opt/spack/linux-rhel7-x86_E5v2_IntelIB/gcc-4.8.5/mpc-1.1.0-a2v6tnqiyj4263zhfwuvst3byom7kon6 --with-isl=/ssoft/spack/paien/v2/opt/spack/linux-rhel7-x86_E5v2_IntelIB/gcc-4.8.5/isl-0.19-t3ni5ou6ojzpln7r4r4tuqinhzbq5qdr]
  ignore line: [Thread model: posix]
  ignore line: [gcc version 6.4.0 (GCC) ]
  ignore line: [COMPILER_PATH=/ssoft/spack/paien/v2/opt/spack/linux-rhel7-x86_E5v2_IntelIB/gcc-4.8.5/gcc-6.4.0-5lz2sine3ujgoc7aswaexuinafuepktx/libexec/gcc/x86_64-pc-linux-gnu/6.4.0/:/ssoft/spack/paien/v2/opt/spack/linux-rhel7-x86_E5v2_IntelIB/gcc-4.8.5/gcc-6.4.0-5lz2sine3ujgoc7aswaexuinafuepktx/libexec/gcc/x86_64-pc-linux-gnu/6.4.0/:/ssoft/spack/paien/v2/opt/spack/linux-rhel7-x86_E5v2_IntelIB/gcc-4.8.5/gcc-6.4.0-5lz2sine3ujgoc7aswaexuinafuepktx/libexec/gcc/x86_64-pc-linux-gnu/:/ssoft/spack/paien/v2/opt/spack/linux-rhel7-x86_E5v2_IntelIB/gcc-4.8.5/gcc-6.4.0-5lz2sine3ujgoc7aswaexuinafuepktx/lib/gcc/x86_64-pc-linux-gnu/6.4.0/:/ssoft/spack/paien/v2/opt/spack/linux-rhel7-x86_E5v2_IntelIB/gcc-4.8.5/gcc-6.4.0-5lz2sine3ujgoc7aswaexuinafuepktx/lib/gcc/x86_64-pc-linux-gnu/]
  ignore line: [LIBRARY_PATH=/ssoft/spack/paien/v2/opt/spack/linux-rhel7-x86_E5v2_IntelIB/gcc-4.8.5/gcc-6.4.0-5lz2sine3ujgoc7aswaexuinafuepktx/lib/gcc/x86_64-pc-linux-gnu/6.4.0/:/ssoft/spack/paien/v2/opt/spack/linux-rhel7-x86_E5v2_IntelIB/gcc-4.8.5/gcc-6.4.0-5lz2sine3ujgoc7aswaexuinafuepktx/lib/gcc/x86_64-pc-linux-gnu/6.4.0/../../../../lib64/:/lib/../lib64/:/usr/lib/../lib64/:/ssoft/spack/paien/v2/opt/spack/linux-rhel7-x86_E5v2_IntelIB/gcc-4.8.5/gcc-6.4.0-5lz2sine3ujgoc7aswaexuinafuepktx/lib/gcc/x86_64-pc-linux-gnu/6.4.0/../../../:/lib/:/usr/lib/]
  ignore line: [COLLECT_GCC_OPTIONS='-v' '-o' 'cmTryCompileExec2229390895' '-rdynamic' '-mtune=generic' '-march=x86-64']
  link line: [ /ssoft/spack/paien/v2/opt/spack/linux-rhel7-x86_E5v2_IntelIB/gcc-4.8.5/gcc-6.4.0-5lz2sine3ujgoc7aswaexuinafuepktx/libexec/gcc/x86_64-pc-linux-gnu/6.4.0/collect2 -plugin /ssoft/spack/paien/v2/opt/spack/linux-rhel7-x86_E5v2_IntelIB/gcc-4.8.5/gcc-6.4.0-5lz2sine3ujgoc7aswaexuinafuepktx/libexec/gcc/x86_64-pc-linux-gnu/6.4.0/liblto_plugin.so -plugin-opt=/ssoft/spack/paien/v2/opt/spack/linux-rhel7-x86_E5v2_IntelIB/gcc-4.8.5/gcc-6.4.0-5lz2sine3ujgoc7aswaexuinafuepktx/libexec/gcc/x86_64-pc-linux-gnu/6.4.0/lto-wrapper -plugin-opt=-fresolution=/tmp/ccJWxpy8.res -plugin-opt=-pass-through=-lgcc -plugin-opt=-pass-through=-lgcc_s -plugin-opt=-pass-through=-lc -plugin-opt=-pass-through=-lgcc -plugin-opt=-pass-through=-lgcc_s -rpath /ssoft/spack/paien/v2/opt/spack/linux-rhel7-x86_E5v2_IntelIB/gcc-4.8.5/gcc-6.4.0-5lz2sine3ujgoc7aswaexuinafuepktx/lib:/ssoft/spack/paien/v2/opt/spack/linux-rhel7-x86_E5v2_IntelIB/gcc-4.8.5/gcc-6.4.0-5lz2sine3ujgoc7aswaexuinafuepktx/lib64 --eh-frame-hdr -m elf_x86_64 -export-dynamic -dynamic-linker /lib64/ld-linux-x86-64.so.2 -o cmTryCompileExec2229390895 /lib/../lib64/crt1.o /lib/../lib64/crti.o /ssoft/spack/paien/v2/opt/spack/linux-rhel7-x86_E5v2_IntelIB/gcc-4.8.5/gcc-6.4.0-5lz2sine3ujgoc7aswaexuinafuepktx/lib/gcc/x86_64-pc-linux-gnu/6.4.0/crtbegin.o -L/ssoft/spack/paien/v2/opt/spack/linux-rhel7-x86_E5v2_IntelIB/gcc-4.8.5/gcc-6.4.0-5lz2sine3ujgoc7aswaexuinafuepktx/lib/gcc/x86_64-pc-linux-gnu/6.4.0 -L/ssoft/spack/paien/v2/opt/spack/linux-rhel7-x86_E5v2_IntelIB/gcc-4.8.5/gcc-6.4.0-5lz2sine3ujgoc7aswaexuinafuepktx/lib/gcc/x86_64-pc-linux-gnu/6.4.0/../../../../lib64 -L/lib/../lib64 -L/usr/lib/../lib64 -L/ssoft/spack/paien/v2/opt/spack/linux-rhel7-x86_E5v2_IntelIB/gcc-4.8.5/gcc-6.4.0-5lz2sine3ujgoc7aswaexuinafuepktx/lib/gcc/x86_64-pc-linux-gnu/6.4.0/../../.. CMakeFiles/cmTryCompileExec2229390895.dir/CMakeCCompilerABI.c.o -lgcc --as-needed -lgcc_s --no-as-needed -lc -lgcc --as-needed -lgcc_s --no-as-needed /ssoft/spack/paien/v2/opt/spack/linux-rhel7-x86_E5v2_IntelIB/gcc-4.8.5/gcc-6.4.0-5lz2sine3ujgoc7aswaexuinafuepktx/lib/gcc/x86_64-pc-linux-gnu/6.4.0/crtend.o /lib/../lib64/crtn.o]
    arg [/ssoft/spack/paien/v2/opt/spack/linux-rhel7-x86_E5v2_IntelIB/gcc-4.8.5/gcc-6.4.0-5lz2sine3ujgoc7aswaexuinafuepktx/libexec/gcc/x86_64-pc-linux-gnu/6.4.0/collect2] ==> ignore
    arg [-plugin] ==> ignore
    arg [/ssoft/spack/paien/v2/opt/spack/linux-rhel7-x86_E5v2_IntelIB/gcc-4.8.5/gcc-6.4.0-5lz2sine3ujgoc7aswaexuinafuepktx/libexec/gcc/x86_64-pc-linux-gnu/6.4.0/liblto_plugin.so] ==> ignore
    arg [-plugin-opt=/ssoft/spack/paien/v2/opt/spack/linux-rhel7-x86_E5v2_IntelIB/gcc-4.8.5/gcc-6.4.0-5lz2sine3ujgoc7aswaexuinafuepktx/libexec/gcc/x86_64-pc-linux-gnu/6.4.0/lto-wrapper] ==> ignore
    arg [-plugin-opt=-fresolution=/tmp/ccJWxpy8.res] ==> ignore
    arg [-plugin-opt=-pass-through=-lgcc] ==> ignore
    arg [-plugin-opt=-pass-through=-lgcc_s] ==> ignore
    arg [-plugin-opt=-pass-through=-lc] ==> ignore
    arg [-plugin-opt=-pass-through=-lgcc] ==> ignore
    arg [-plugin-opt=-pass-through=-lgcc_s] ==> ignore
    arg [-rpath] ==> ignore
    arg [/ssoft/spack/paien/v2/opt/spack/linux-rhel7-x86_E5v2_IntelIB/gcc-4.8.5/gcc-6.4.0-5lz2sine3ujgoc7aswaexuinafuepktx/lib:/ssoft/spack/paien/v2/opt/spack/linux-rhel7-x86_E5v2_IntelIB/gcc-4.8.5/gcc-6.4.0-5lz2sine3ujgoc7aswaexuinafuepktx/lib64] ==> ignore
    arg [--eh-frame-hdr] ==> ignore
    arg [-m] ==> ignore
    arg [elf_x86_64] ==> ignore
    arg [-export-dynamic] ==> ignore
    arg [-dynamic-linker] ==> ignore
    arg [/lib64/ld-linux-x86-64.so.2] ==> ignore
    arg [-o] ==> ignore
    arg [cmTryCompileExec2229390895] ==> ignore
    arg [/lib/../lib64/crt1.o] ==> ignore
    arg [/lib/../lib64/crti.o] ==> ignore
    arg [/ssoft/spack/paien/v2/opt/spack/linux-rhel7-x86_E5v2_IntelIB/gcc-4.8.5/gcc-6.4.0-5lz2sine3ujgoc7aswaexuinafuepktx/lib/gcc/x86_64-pc-linux-gnu/6.4.0/crtbegin.o] ==> ignore
    arg [-L/ssoft/spack/paien/v2/opt/spack/linux-rhel7-x86_E5v2_IntelIB/gcc-4.8.5/gcc-6.4.0-5lz2sine3ujgoc7aswaexuinafuepktx/lib/gcc/x86_64-pc-linux-gnu/6.4.0] ==> dir [/ssoft/spack/paien/v2/opt/spack/linux-rhel7-x86_E5v2_IntelIB/gcc-4.8.5/gcc-6.4.0-5lz2sine3ujgoc7aswaexuinafuepktx/lib/gcc/x86_64-pc-linux-gnu/6.4.0]
    arg [-L/ssoft/spack/paien/v2/opt/spack/linux-rhel7-x86_E5v2_IntelIB/gcc-4.8.5/gcc-6.4.0-5lz2sine3ujgoc7aswaexuinafuepktx/lib/gcc/x86_64-pc-linux-gnu/6.4.0/../../../../lib64] ==> dir [/ssoft/spack/paien/v2/opt/spack/linux-rhel7-x86_E5v2_IntelIB/gcc-4.8.5/gcc-6.4.0-5lz2sine3ujgoc7aswaexuinafuepktx/lib/gcc/x86_64-pc-linux-gnu/6.4.0/../../../../lib64]
    arg [-L/lib/../lib64] ==> dir [/lib/../lib64]
    arg [-L/usr/lib/../lib64] ==> dir [/usr/lib/../lib64]
    arg [-L/ssoft/spack/paien/v2/opt/spack/linux-rhel7-x86_E5v2_IntelIB/gcc-4.8.5/gcc-6.4.0-5lz2sine3ujgoc7aswaexuinafuepktx/lib/gcc/x86_64-pc-linux-gnu/6.4.0/../../..] ==> dir [/ssoft/spack/paien/v2/opt/spack/linux-rhel7-x86_E5v2_IntelIB/gcc-4.8.5/gcc-6.4.0-5lz2sine3ujgoc7aswaexuinafuepktx/lib/gcc/x86_64-pc-linux-gnu/6.4.0/../../..]
    arg [CMakeFiles/cmTryCompileExec2229390895.dir/CMakeCCompilerABI.c.o] ==> ignore
    arg [-lgcc] ==> lib [gcc]
    arg [--as-needed] ==> ignore
    arg [-lgcc_s] ==> lib [gcc_s]
    arg [--no-as-needed] ==> ignore
    arg [-lc] ==> lib [c]
    arg [-lgcc] ==> lib [gcc]
    arg [--as-needed] ==> ignore
    arg [-lgcc_s] ==> lib [gcc_s]
    arg [--no-as-needed] ==> ignore
    arg [/ssoft/spack/paien/v2/opt/spack/linux-rhel7-x86_E5v2_IntelIB/gcc-4.8.5/gcc-6.4.0-5lz2sine3ujgoc7aswaexuinafuepktx/lib/gcc/x86_64-pc-linux-gnu/6.4.0/crtend.o] ==> ignore
    arg [/lib/../lib64/crtn.o] ==> ignore
  remove lib [gcc]
  remove lib [gcc_s]
  remove lib [gcc]
  remove lib [gcc_s]
  collapse library dir [/ssoft/spack/paien/v2/opt/spack/linux-rhel7-x86_E5v2_IntelIB/gcc-4.8.5/gcc-6.4.0-5lz2sine3ujgoc7aswaexuinafuepktx/lib/gcc/x86_64-pc-linux-gnu/6.4.0] ==> [/ssoft/spack/paien/v2/opt/spack/linux-rhel7-x86_E5v2_IntelIB/gcc-4.8.5/gcc-6.4.0-5lz2sine3ujgoc7aswaexuinafuepktx/lib/gcc/x86_64-pc-linux-gnu/6.4.0]
  collapse library dir [/ssoft/spack/paien/v2/opt/spack/linux-rhel7-x86_E5v2_IntelIB/gcc-4.8.5/gcc-6.4.0-5lz2sine3ujgoc7aswaexuinafuepktx/lib/gcc/x86_64-pc-linux-gnu/6.4.0/../../../../lib64] ==> [/ssoft/spack/paien/v2/opt/spack/linux-rhel7-x86_E5v2_IntelIB/gcc-4.8.5/gcc-6.4.0-5lz2sine3ujgoc7aswaexuinafuepktx/lib64]
  collapse library dir [/lib/../lib64] ==> [/lib64]
  collapse library dir [/usr/lib/../lib64] ==> [/usr/lib64]
  collapse library dir [/ssoft/spack/paien/v2/opt/spack/linux-rhel7-x86_E5v2_IntelIB/gcc-4.8.5/gcc-6.4.0-5lz2sine3ujgoc7aswaexuinafuepktx/lib/gcc/x86_64-pc-linux-gnu/6.4.0/../../..] ==> [/ssoft/spack/paien/v2/opt/spack/linux-rhel7-x86_E5v2_IntelIB/gcc-4.8.5/gcc-6.4.0-5lz2sine3ujgoc7aswaexuinafuepktx/lib]
  implicit libs: [c]
  implicit dirs: [/ssoft/spack/paien/v2/opt/spack/linux-rhel7-x86_E5v2_IntelIB/gcc-4.8.5/gcc-6.4.0-5lz2sine3ujgoc7aswaexuinafuepktx/lib/gcc/x86_64-pc-linux-gnu/6.4.0;/ssoft/spack/paien/v2/opt/spack/linux-rhel7-x86_E5v2_IntelIB/gcc-4.8.5/gcc-6.4.0-5lz2sine3ujgoc7aswaexuinafuepktx/lib64;/lib64;/usr/lib64;/ssoft/spack/paien/v2/opt/spack/linux-rhel7-x86_E5v2_IntelIB/gcc-4.8.5/gcc-6.4.0-5lz2sine3ujgoc7aswaexuinafuepktx/lib]
  implicit fwks: []


